\BOOKMARK [1][-]{section.1}{\376\377\225\356\230\230\221\315\217\360}{}% 1
\BOOKMARK [2][-]{subsection.1.1}{\376\377\225\356\230\230\200\314\146\157}{section.1}% 2
\BOOKMARK [2][-]{subsection.1.2}{\376\377\225\356\230\230\211\201\154\102}{section.1}% 3
\BOOKMARK [1][-]{section.2}{\376\377\225\356\230\230\122\006\147\220}{}% 4
\BOOKMARK [2][-]{subsection.2.1}{\376\377\225\356\230\230\116\000\166\204\122\006\147\220}{section.2}% 5
\BOOKMARK [2][-]{subsection.2.2}{\376\377\225\356\230\230\116\214\166\204\122\006\147\220}{section.2}% 6
\BOOKMARK [2][-]{subsection.2.3}{\376\377\225\356\230\230\116\011\166\204\122\006\147\220}{section.2}% 7
\BOOKMARK [2][-]{subsection.2.4}{\376\377\225\356\230\230\126\333\166\204\122\006\147\220}{section.2}% 8
\BOOKMARK [1][-]{section.3}{\376\377\152\041\127\213\120\107\213\276}{}% 9
\BOOKMARK [1][-]{section.4}{\376\377\173\046\123\367\213\364\146\016}{}% 10
\BOOKMARK [1][-]{section.5}{\376\377\225\356\230\230\116\000\152\041\127\213\136\372\172\313\154\102\211\343}{}% 11
\BOOKMARK [2][-]{subsection.5.1}{\376\377\145\160\143\156\122\006\147\220}{section.5}% 12
\BOOKMARK [2][-]{subsection.5.2}{\376\377\152\041\127\213\220\011\142\351\140\035\215\357}{section.5}% 13
\BOOKMARK [2][-]{subsection.5.3}{\376\377\227\136\176\277\140\047\155\367\124\010\152\041\127\213\136\372\172\313}{section.5}% 14
\BOOKMARK [2][-]{subsection.5.4}{\376\377\152\041\127\213\154\102\211\343}{section.5}% 15
\BOOKMARK [2][-]{subsection.5.5}{\376\377\152\041\127\213\150\300\232\214\116\016\211\343\221\312}{section.5}% 16
\BOOKMARK [2][-]{subsection.5.6}{\376\377\147\000\176\310\145\271\172\013\137\017}{section.5}% 17
\BOOKMARK [1][-]{section.6}{\376\377\225\356\230\230\116\214\152\041\127\213\136\372\172\313\154\102\211\343}{}% 18
\BOOKMARK [2][-]{subsection.6.1}{\376\377\145\160\143\156\230\204\131\004\164\006}{section.6}% 19
\BOOKMARK [2][-]{subsection.6.2}{\376\377\000B\000M\000I\122\022\122\006\116\016\200\132\174\173\122\006\147\220}{section.6}% 20
\BOOKMARK [2][-]{subsection.6.3}{\376\377\200\132\174\173\122\006\174\173\213\304\116\367}{section.6}% 21
\BOOKMARK [2][-]{subsection.6.4}{\376\377\000N\000I\000P\000T\145\366\160\271\213\241\173\227}{section.6}% 22
\BOOKMARK [2][-]{subsection.6.5}{\376\377\000N\000I\000P\000T\145\366\160\271\213\241\173\227}{section.6}% 23
\BOOKMARK [3][-]{subsubsection.6.5.1}{\376\377\145\271\154\325\123\237\164\006\116\016\152\041\127\213\147\204\136\372}{subsection.6.5}% 24
\BOOKMARK [3][-]{subsubsection.6.5.2}{\376\377\213\241\173\227\155\101\172\013\116\016\133\236\145\275}{subsection.6.5}% 25
\BOOKMARK [3][-]{subsubsection.6.5.3}{\376\377\176\323\147\234\116\016\122\006\147\220}{subsection.6.5}% 26
\BOOKMARK [3][-]{subsubsection.6.5.4}{\376\377\213\357\135\356\145\117\141\037\140\047\122\006\147\220}{subsection.6.5}% 27
\BOOKMARK [3][-]{subsubsection.6.5.5}{\376\377\122\033\145\260\116\016\116\256\160\271}{subsection.6.5}% 28
